2018-05-19 14:55:03.375  INFO 6173 --- [main] com.biohack.z5.BioHackApp                : Starting BioHackApp on dell with PID 6173 (/home/plapinski/Praca/Biohack/Z-5/bioVaadin/build/classes/java/main started by plapinski in /home/plapinski/Praca/Biohack/Z-5/bioVaadin)
2018-05-19 14:55:03.377  INFO 6173 --- [main] com.biohack.z5.BioHackApp                : No active profile set, falling back to default profiles: default
2018-05-19 14:55:03.412  INFO 6173 --- [main] ationConfigEmbeddedWebApplicationContext : Refreshing org.springframework.boot.context.embedded.AnnotationConfigEmbeddedWebApplicationContext@1534f01b: startup date [Sat May 19 14:55:03 CEST 2018]; root of context hierarchy
2018-05-19 14:55:03.885  WARN 6173 --- [main] o.s.c.a.ConfigurationClassPostProcessor  : Cannot enhance @Configuration bean definition 'com.vaadin.spring.VaadinConfiguration' since its singleton instance has been created too early. The typical cause is a non-static @Bean method with a BeanDefinitionRegistryPostProcessor return type: Consider declaring such methods as 'static'.
2018-05-19 14:55:04.341  INFO 6173 --- [main] s.b.c.e.t.TomcatEmbeddedServletContainer : Tomcat initialized with port(s): 8080 (http)
2018-05-19 14:55:04.352  INFO 6173 --- [main] o.apache.catalina.core.StandardService   : Starting service [Tomcat]
2018-05-19 14:55:04.353  INFO 6173 --- [main] org.apache.catalina.core.StandardEngine  : Starting Servlet Engine: Apache Tomcat/8.5.23
2018-05-19 14:55:04.445  INFO 6173 --- [localhost-startStop-1] o.a.c.c.C.[.[localhost].[/biohack]       : Initializing Spring embedded WebApplicationContext
2018-05-19 14:55:04.445  INFO 6173 --- [localhost-startStop-1] o.s.web.context.ContextLoader            : Root WebApplicationContext: initialization completed in 1035 ms
2018-05-19 14:55:04.542  INFO 6173 --- [localhost-startStop-1] c.v.s.b.i.VaadinServletConfiguration     : Registering Vaadin servlet
2018-05-19 14:55:04.542  INFO 6173 --- [localhost-startStop-1] c.v.s.b.i.VaadinServletConfiguration     : Servlet will be mapped to URLs [/vaadinServlet/*, /VAADIN/*]
2018-05-19 14:55:04.553  INFO 6173 --- [localhost-startStop-1] o.v.spring.servlet.Vaadin4SpringServlet  : Using custom Vaadin4Spring servlet
2018-05-19 14:55:04.558  INFO 6173 --- [localhost-startStop-1] c.v.s.b.i.VaadinServletConfiguration     : Setting servlet init parameters
2018-05-19 14:55:04.558  INFO 6173 --- [localhost-startStop-1] c.v.s.b.i.VaadinServletConfiguration     : Set servlet init parameter [productionMode] = [false]
2018-05-19 14:55:04.558  INFO 6173 --- [localhost-startStop-1] c.v.s.b.i.VaadinServletConfiguration     : Set servlet init parameter [resourceCacheTime] = [3600]
2018-05-19 14:55:04.558  INFO 6173 --- [localhost-startStop-1] c.v.s.b.i.VaadinServletConfiguration     : Set servlet init parameter [heartbeatInterval] = [300]
2018-05-19 14:55:04.558  INFO 6173 --- [localhost-startStop-1] c.v.s.b.i.VaadinServletConfiguration     : Set servlet init parameter [closeIdleSessions] = [false]
2018-05-19 14:55:04.600  INFO 6173 --- [localhost-startStop-1] o.s.b.w.servlet.ServletRegistrationBean  : Mapping servlet: 'dispatcherServlet' to [/]
2018-05-19 14:55:04.601  INFO 6173 --- [localhost-startStop-1] o.s.b.w.servlet.ServletRegistrationBean  : Mapping servlet: 'vaadin4SpringServlet' to [/vaadinServlet/*, /VAADIN/*]
2018-05-19 14:55:04.604  INFO 6173 --- [localhost-startStop-1] o.s.b.w.servlet.FilterRegistrationBean   : Mapping filter: 'characterEncodingFilter' to: [/*]
2018-05-19 14:55:04.607  INFO 6173 --- [localhost-startStop-1] o.s.b.w.servlet.FilterRegistrationBean   : Mapping filter: 'hiddenHttpMethodFilter' to: [/*]
2018-05-19 14:55:04.607  INFO 6173 --- [localhost-startStop-1] o.s.b.w.servlet.FilterRegistrationBean   : Mapping filter: 'httpPutFormContentFilter' to: [/*]
2018-05-19 14:55:04.608  INFO 6173 --- [localhost-startStop-1] o.s.b.w.servlet.FilterRegistrationBean   : Mapping filter: 'requestContextFilter' to: [/*]
2018-05-19 14:55:04.608  INFO 6173 --- [localhost-startStop-1] o.s.b.w.servlet.FilterRegistrationBean   : Mapping filter: 'httpResponseFilter' to: [/*]
2018-05-19 14:55:04.830  INFO 6173 --- [main] s.w.s.m.m.a.RequestMappingHandlerAdapter : Looking for @ControllerAdvice: org.springframework.boot.context.embedded.AnnotationConfigEmbeddedWebApplicationContext@1534f01b: startup date [Sat May 19 14:55:03 CEST 2018]; root of context hierarchy
2018-05-19 14:55:04.879  INFO 6173 --- [main] s.w.s.m.m.a.RequestMappingHandlerMapping : Mapped "{[/error],produces=[text/html]}" onto public org.springframework.web.servlet.ModelAndView org.springframework.boot.autoconfigure.web.BasicErrorController.errorHtml(javax.servlet.http.HttpServletRequest,javax.servlet.http.HttpServletResponse)
2018-05-19 14:55:04.880  INFO 6173 --- [main] s.w.s.m.m.a.RequestMappingHandlerMapping : Mapped "{[/error]}" onto public org.springframework.http.ResponseEntity<java.util.Map<java.lang.String, java.lang.Object>> org.springframework.boot.autoconfigure.web.BasicErrorController.error(javax.servlet.http.HttpServletRequest)
2018-05-19 14:55:04.901  INFO 6173 --- [main] o.s.w.s.handler.SimpleUrlHandlerMapping  : Mapped URL path [/webjars/**] onto handler of type [class org.springframework.web.servlet.resource.ResourceHttpRequestHandler]
2018-05-19 14:55:04.901  INFO 6173 --- [main] o.s.w.s.handler.SimpleUrlHandlerMapping  : Mapped URL path [/**] onto handler of type [class org.springframework.web.servlet.resource.ResourceHttpRequestHandler]
2018-05-19 14:55:04.926  INFO 6173 --- [main] o.s.w.s.handler.SimpleUrlHandlerMapping  : Mapped URL path [/**/favicon.ico] onto handler of type [class org.springframework.web.servlet.resource.ResourceHttpRequestHandler]
2018-05-19 14:55:04.962  INFO 6173 --- [main] c.v.s.b.i.VaadinServletConfiguration     : Checking the application context for Vaadin UI mappings
2018-05-19 14:55:04.965  WARN 6173 --- [main] ationConfigEmbeddedWebApplicationContext : Exception encountered during context initialization - cancelling refresh attempt: org.springframework.beans.factory.BeanCreationException: Error creating bean with name 'vaadinUiForwardingHandlerMapping' defined in class path resource [com/vaadin/spring/boot/internal/VaadinServletConfiguration.class]: Bean instantiation via factory method failed; nested exception is org.springframework.beans.BeanInstantiationException: Failed to instantiate [org.springframework.web.servlet.handler.SimpleUrlHandlerMapping]: Factory method 'vaadinUiForwardingHandlerMapping' threw exception; nested exception is java.lang.NoClassDefFoundError: com/vaadin/navigator/PushStateNavigation
2018-05-19 14:55:04.967  INFO 6173 --- [main] o.apache.catalina.core.StandardService   : Stopping service [Tomcat]
2018-05-19 14:55:04.975  INFO 6173 --- [main] utoConfigurationReportLoggingInitializer : 

Error starting ApplicationContext. To display the auto-configuration report re-run your application with 'debug' enabled.
2018-05-19 14:55:04.981 ERROR 6173 --- [main] o.s.boot.SpringApplication               : Application startup failed

org.springframework.beans.factory.BeanCreationException: Error creating bean with name 'vaadinUiForwardingHandlerMapping' defined in class path resource [com/vaadin/spring/boot/internal/VaadinServletConfiguration.class]: Bean instantiation via factory method failed; nested exception is org.springframework.beans.BeanInstantiationException: Failed to instantiate [org.springframework.web.servlet.handler.SimpleUrlHandlerMapping]: Factory method 'vaadinUiForwardingHandlerMapping' threw exception; nested exception is java.lang.NoClassDefFoundError: com/vaadin/navigator/PushStateNavigation
	at org.springframework.beans.factory.support.ConstructorResolver.instantiateUsingFactoryMethod(ConstructorResolver.java:599) ~[spring-beans-4.3.13.RELEASE.jar:4.3.13.RELEASE]
	at org.springframework.beans.factory.support.AbstractAutowireCapableBeanFactory.instantiateUsingFactoryMethod(AbstractAutowireCapableBeanFactory.java:1173) ~[spring-beans-4.3.13.RELEASE.jar:4.3.13.RELEASE]
	at org.springframework.beans.factory.support.AbstractAutowireCapableBeanFactory.createBeanInstance(AbstractAutowireCapableBeanFactory.java:1067) ~[spring-beans-4.3.13.RELEASE.jar:4.3.13.RELEASE]
	at org.springframework.beans.factory.support.AbstractAutowireCapableBeanFactory.doCreateBean(AbstractAutowireCapableBeanFactory.java:513) ~[spring-beans-4.3.13.RELEASE.jar:4.3.13.RELEASE]
	at org.springframework.beans.factory.support.AbstractAutowireCapableBeanFactory.createBean(AbstractAutowireCapableBeanFactory.java:483) ~[spring-beans-4.3.13.RELEASE.jar:4.3.13.RELEASE]
	at org.springframework.beans.factory.support.AbstractBeanFactory$1.getObject(AbstractBeanFactory.java:306) ~[spring-beans-4.3.13.RELEASE.jar:4.3.13.RELEASE]
	at org.springframework.beans.factory.support.DefaultSingletonBeanRegistry.getSingleton(DefaultSingletonBeanRegistry.java:230) ~[spring-beans-4.3.13.RELEASE.jar:4.3.13.RELEASE]
	at org.springframework.beans.factory.support.AbstractBeanFactory.doGetBean(AbstractBeanFactory.java:302) ~[spring-beans-4.3.13.RELEASE.jar:4.3.13.RELEASE]
	at org.springframework.beans.factory.support.AbstractBeanFactory.getBean(AbstractBeanFactory.java:197) ~[spring-beans-4.3.13.RELEASE.jar:4.3.13.RELEASE]
	at org.springframework.beans.factory.support.DefaultListableBeanFactory.preInstantiateSingletons(DefaultListableBeanFactory.java:761) ~[spring-beans-4.3.13.RELEASE.jar:4.3.13.RELEASE]
	at org.springframework.context.support.AbstractApplicationContext.finishBeanFactoryInitialization(AbstractApplicationContext.java:867) ~[spring-context-4.3.13.RELEASE.jar:4.3.13.RELEASE]
	at org.springframework.context.support.AbstractApplicationContext.refresh(AbstractApplicationContext.java:543) ~[spring-context-4.3.13.RELEASE.jar:4.3.13.RELEASE]
	at org.springframework.boot.context.embedded.EmbeddedWebApplicationContext.refresh(EmbeddedWebApplicationContext.java:122) ~[spring-boot-1.5.9.RELEASE.jar:1.5.9.RELEASE]
	at org.springframework.boot.SpringApplication.refresh(SpringApplication.java:693) [spring-boot-1.5.9.RELEASE.jar:1.5.9.RELEASE]
	at org.springframework.boot.SpringApplication.refreshContext(SpringApplication.java:360) [spring-boot-1.5.9.RELEASE.jar:1.5.9.RELEASE]
	at org.springframework.boot.SpringApplication.run(SpringApplication.java:303) [spring-boot-1.5.9.RELEASE.jar:1.5.9.RELEASE]
	at org.springframework.boot.SpringApplication.run(SpringApplication.java:1118) [spring-boot-1.5.9.RELEASE.jar:1.5.9.RELEASE]
	at org.springframework.boot.SpringApplication.run(SpringApplication.java:1107) [spring-boot-1.5.9.RELEASE.jar:1.5.9.RELEASE]
	at com.biohack.z5.BioHackApp.main(BioHackApp.java:17) [main/:na]
Caused by: org.springframework.beans.BeanInstantiationException: Failed to instantiate [org.springframework.web.servlet.handler.SimpleUrlHandlerMapping]: Factory method 'vaadinUiForwardingHandlerMapping' threw exception; nested exception is java.lang.NoClassDefFoundError: com/vaadin/navigator/PushStateNavigation
	at org.springframework.beans.factory.support.SimpleInstantiationStrategy.instantiate(SimpleInstantiationStrategy.java:189) ~[spring-beans-4.3.13.RELEASE.jar:4.3.13.RELEASE]
	at org.springframework.beans.factory.support.ConstructorResolver.instantiateUsingFactoryMethod(ConstructorResolver.java:588) ~[spring-beans-4.3.13.RELEASE.jar:4.3.13.RELEASE]
	... 18 common frames omitted
Caused by: java.lang.NoClassDefFoundError: com/vaadin/navigator/PushStateNavigation
	at com.vaadin.spring.boot.internal.VaadinServletConfiguration.getUIPaths(VaadinServletConfiguration.java:133) ~[vaadin-spring-boot-3.0.0.jar:3.0.0]
	at com.vaadin.spring.boot.internal.VaadinServletConfiguration.vaadinUiForwardingHandlerMapping(VaadinServletConfiguration.java:101) ~[vaadin-spring-boot-3.0.0.jar:3.0.0]
	at com.vaadin.spring.boot.internal.VaadinServletConfiguration$$EnhancerBySpringCGLIB$$c88214a8.CGLIB$vaadinUiForwardingHandlerMapping$4(<generated>) ~[vaadin-spring-boot-3.0.0.jar:3.0.0]
	at com.vaadin.spring.boot.internal.VaadinServletConfiguration$$EnhancerBySpringCGLIB$$c88214a8$$FastClassBySpringCGLIB$$fee917f6.invoke(<generated>) ~[vaadin-spring-boot-3.0.0.jar:3.0.0]
	at org.springframework.cglib.proxy.MethodProxy.invokeSuper(MethodProxy.java:228) ~[spring-core-4.3.13.RELEASE.jar:4.3.13.RELEASE]
	at org.springframework.context.annotation.ConfigurationClassEnhancer$BeanMethodInterceptor.intercept(ConfigurationClassEnhancer.java:358) ~[spring-context-4.3.13.RELEASE.jar:4.3.13.RELEASE]
	at com.vaadin.spring.boot.internal.VaadinServletConfiguration$$EnhancerBySpringCGLIB$$c88214a8.vaadinUiForwardingHandlerMapping(<generated>) ~[vaadin-spring-boot-3.0.0.jar:3.0.0]
	at sun.reflect.NativeMethodAccessorImpl.invoke0(Native Method) ~[na:1.8.0_171]
	at sun.reflect.NativeMethodAccessorImpl.invoke(NativeMethodAccessorImpl.java:62) ~[na:1.8.0_171]
	at sun.reflect.DelegatingMethodAccessorImpl.invoke(DelegatingMethodAccessorImpl.java:43) ~[na:1.8.0_171]
	at java.lang.reflect.Method.invoke(Method.java:498) ~[na:1.8.0_171]
	at org.springframework.beans.factory.support.SimpleInstantiationStrategy.instantiate(SimpleInstantiationStrategy.java:162) ~[spring-beans-4.3.13.RELEASE.jar:4.3.13.RELEASE]
	... 19 common frames omitted
Caused by: java.lang.ClassNotFoundException: com.vaadin.navigator.PushStateNavigation
	at java.net.URLClassLoader.findClass(URLClassLoader.java:381) ~[na:1.8.0_171]
	at java.lang.ClassLoader.loadClass(ClassLoader.java:424) ~[na:1.8.0_171]
	at sun.misc.Launcher$AppClassLoader.loadClass(Launcher.java:349) ~[na:1.8.0_171]
	at java.lang.ClassLoader.loadClass(ClassLoader.java:357) ~[na:1.8.0_171]
	... 31 common frames omitted

2018-05-19 14:59:22.537  INFO 7030 --- [main] com.biohack.z5.BioHackApp                : Starting BioHackApp on dell with PID 7030 (/home/plapinski/Praca/Biohack/Z-5/bioVaadin/bin/main started by plapinski in /home/plapinski/Praca/Biohack/Z-5/bioVaadin)
2018-05-19 14:59:22.539  INFO 7030 --- [main] com.biohack.z5.BioHackApp                : No active profile set, falling back to default profiles: default
2018-05-19 14:59:22.566  INFO 7030 --- [main] ationConfigEmbeddedWebApplicationContext : Refreshing org.springframework.boot.context.embedded.AnnotationConfigEmbeddedWebApplicationContext@48e4374: startup date [Sat May 19 14:59:22 CEST 2018]; root of context hierarchy
2018-05-19 14:59:22.905  WARN 7030 --- [main] o.s.c.a.ConfigurationClassPostProcessor  : Cannot enhance @Configuration bean definition 'com.vaadin.spring.VaadinConfiguration' since its singleton instance has been created too early. The typical cause is a non-static @Bean method with a BeanDefinitionRegistryPostProcessor return type: Consider declaring such methods as 'static'.
2018-05-19 14:59:23.275  INFO 7030 --- [main] s.b.c.e.t.TomcatEmbeddedServletContainer : Tomcat initialized with port(s): 8080 (http)
2018-05-19 14:59:23.281  INFO 7030 --- [main] o.apache.catalina.core.StandardService   : Starting service Tomcat
2018-05-19 14:59:23.282  INFO 7030 --- [main] org.apache.catalina.core.StandardEngine  : Starting Servlet Engine: Apache Tomcat/8.5.11
2018-05-19 14:59:23.327  INFO 7030 --- [localhost-startStop-1] o.a.c.c.C.[.[localhost].[/biohack]       : Initializing Spring embedded WebApplicationContext
2018-05-19 14:59:23.328  INFO 7030 --- [localhost-startStop-1] o.s.web.context.ContextLoader            : Root WebApplicationContext: initialization completed in 764 ms
2018-05-19 14:59:23.397  INFO 7030 --- [localhost-startStop-1] c.v.s.b.i.VaadinServletConfiguration     : Registering Vaadin servlet
2018-05-19 14:59:23.398  INFO 7030 --- [localhost-startStop-1] c.v.s.b.i.VaadinServletConfiguration     : Servlet will be mapped to URLs [/vaadinServlet/*, /VAADIN/*]
2018-05-19 14:59:23.403  INFO 7030 --- [localhost-startStop-1] o.v.spring.servlet.Vaadin4SpringServlet  : Using custom Vaadin4Spring servlet
2018-05-19 14:59:23.408  INFO 7030 --- [localhost-startStop-1] c.v.s.b.i.VaadinServletConfiguration     : Setting servlet init parameters
2018-05-19 14:59:23.409  INFO 7030 --- [localhost-startStop-1] c.v.s.b.i.VaadinServletConfiguration     : Set servlet init parameter [productionMode] = [false]
2018-05-19 14:59:23.409  INFO 7030 --- [localhost-startStop-1] c.v.s.b.i.VaadinServletConfiguration     : Set servlet init parameter [resourceCacheTime] = [3600]
2018-05-19 14:59:23.409  INFO 7030 --- [localhost-startStop-1] c.v.s.b.i.VaadinServletConfiguration     : Set servlet init parameter [heartbeatInterval] = [300]
2018-05-19 14:59:23.409  INFO 7030 --- [localhost-startStop-1] c.v.s.b.i.VaadinServletConfiguration     : Set servlet init parameter [closeIdleSessions] = [false]
2018-05-19 14:59:23.441  INFO 7030 --- [localhost-startStop-1] o.s.b.w.servlet.ServletRegistrationBean  : Mapping servlet: 'dispatcherServlet' to [/]
2018-05-19 14:59:23.442  INFO 7030 --- [localhost-startStop-1] o.s.b.w.servlet.ServletRegistrationBean  : Mapping servlet: 'vaadin4SpringServlet' to [/vaadinServlet/*, /VAADIN/*]
2018-05-19 14:59:23.444  INFO 7030 --- [localhost-startStop-1] o.s.b.w.servlet.FilterRegistrationBean   : Mapping filter: 'characterEncodingFilter' to: [/*]
2018-05-19 14:59:23.444  INFO 7030 --- [localhost-startStop-1] o.s.b.w.servlet.FilterRegistrationBean   : Mapping filter: 'hiddenHttpMethodFilter' to: [/*]
2018-05-19 14:59:23.444  INFO 7030 --- [localhost-startStop-1] o.s.b.w.servlet.FilterRegistrationBean   : Mapping filter: 'httpPutFormContentFilter' to: [/*]
2018-05-19 14:59:23.444  INFO 7030 --- [localhost-startStop-1] o.s.b.w.servlet.FilterRegistrationBean   : Mapping filter: 'requestContextFilter' to: [/*]
2018-05-19 14:59:23.444  INFO 7030 --- [localhost-startStop-1] o.s.b.w.servlet.FilterRegistrationBean   : Mapping filter: 'httpResponseFilter' to: [/*]
2018-05-19 14:59:23.573  INFO 7030 --- [main] s.w.s.m.m.a.RequestMappingHandlerAdapter : Looking for @ControllerAdvice: org.springframework.boot.context.embedded.AnnotationConfigEmbeddedWebApplicationContext@48e4374: startup date [Sat May 19 14:59:22 CEST 2018]; root of context hierarchy
2018-05-19 14:59:23.603  INFO 7030 --- [main] s.w.s.m.m.a.RequestMappingHandlerMapping : Mapped "{[/error],produces=[text/html]}" onto public org.springframework.web.servlet.ModelAndView org.springframework.boot.autoconfigure.web.BasicErrorController.errorHtml(javax.servlet.http.HttpServletRequest,javax.servlet.http.HttpServletResponse)
2018-05-19 14:59:23.603  INFO 7030 --- [main] s.w.s.m.m.a.RequestMappingHandlerMapping : Mapped "{[/error]}" onto public org.springframework.http.ResponseEntity<java.util.Map<java.lang.String, java.lang.Object>> org.springframework.boot.autoconfigure.web.BasicErrorController.error(javax.servlet.http.HttpServletRequest)
2018-05-19 14:59:23.619  INFO 7030 --- [main] o.s.w.s.handler.SimpleUrlHandlerMapping  : Mapped URL path [/webjars/**] onto handler of type [class org.springframework.web.servlet.resource.ResourceHttpRequestHandler]
2018-05-19 14:59:23.619  INFO 7030 --- [main] o.s.w.s.handler.SimpleUrlHandlerMapping  : Mapped URL path [/**] onto handler of type [class org.springframework.web.servlet.resource.ResourceHttpRequestHandler]
2018-05-19 14:59:23.637  INFO 7030 --- [main] o.s.w.s.handler.SimpleUrlHandlerMapping  : Mapped URL path [/**/favicon.ico] onto handler of type [class org.springframework.web.servlet.resource.ResourceHttpRequestHandler]
2018-05-19 14:59:23.664  INFO 7030 --- [main] c.v.s.b.i.VaadinServletConfiguration     : Checking the application context for Vaadin UI mappings
2018-05-19 14:59:23.667  INFO 7030 --- [main] c.v.s.b.i.VaadinServletConfiguration     : Registering Vaadin servlet of type [org.vaadin.spring.servlet.Vaadin4SpringServlet]
2018-05-19 14:59:23.670  INFO 7030 --- [main] c.v.s.b.i.VaadinServletConfiguration     : Forwarding @SpringUI URLs from {/=org.springframework.web.servlet.mvc.ServletForwardingController@3d829787}
2018-05-19 14:59:23.671  INFO 7030 --- [main] o.s.w.s.handler.SimpleUrlHandlerMapping  : Root mapping to handler of type [class org.springframework.web.servlet.mvc.ServletForwardingController]
2018-05-19 14:59:23.772  INFO 7030 --- [main] o.s.j.e.a.AnnotationMBeanExporter        : Registering beans for JMX exposure on startup
2018-05-19 14:59:23.798  INFO 7030 --- [main] s.b.c.e.t.TomcatEmbeddedServletContainer : Tomcat started on port(s): 8080 (http)
2018-05-19 14:59:23.801  INFO 7030 --- [main] com.biohack.z5.BioHackApp                : Started BioHackApp in 1.441 seconds (JVM running for 1.761)
2018-05-19 14:59:28.247  INFO 7030 --- [http-nio-8080-exec-1] o.v.spring.servlet.Vaadin4SpringServlet  : Found 0 custom init parameter provider(s)
2018-05-19 14:59:28.249  WARN 7030 --- [http-nio-8080-exec-1] c.v.s.DefaultDeploymentConfiguration     : 
=================================================================
Vaadin is running in DEBUG MODE.
Add productionMode=true to web.xml to disable debug features.
To show debug window, add ?debug to your application URL.
=================================================================
2018-05-19 14:59:28.251  INFO 7030 --- [http-nio-8080-exec-1] o.v.s.s.Vaadin4SpringServletService      : Using custom Vaadin4Spring servlet service
2018-05-19 14:59:28.260  INFO 7030 --- [http-nio-8080-exec-1] o.v.spring.servlet.Vaadin4SpringServlet  : Could not find a SystemMessagesProvider in the application context, using default
2018-05-19 14:59:28.261  INFO 7030 --- [http-nio-8080-exec-1] o.v.spring.servlet.Vaadin4SpringServlet  : Custom Vaadin4Spring servlet initialization completed
2018-05-19 14:59:28.269  INFO 7030 --- [http-nio-8080-exec-1] o.a.c.c.C.[.[localhost].[/biohack]       : Initializing Spring FrameworkServlet 'dispatcherServlet'
2018-05-19 14:59:28.270  INFO 7030 --- [http-nio-8080-exec-1] o.s.web.servlet.DispatcherServlet        : FrameworkServlet 'dispatcherServlet': initialization started
2018-05-19 14:59:28.278  INFO 7030 --- [http-nio-8080-exec-1] o.s.web.servlet.DispatcherServlet        : FrameworkServlet 'dispatcherServlet': initialization completed in 8 ms
2018-05-19 14:59:28.697  WARN 7030 --- [http-nio-8080-exec-6] c.v.spring.navigator.SpringViewProvider  : No SpringViews found
2018-05-19 14:59:33.653  INFO 7030 --- [RMI TCP Connection(2)-127.0.0.1] inMXBeanRegistrar$SpringApplicationAdmin : Application shutdown requested.
2018-05-19 14:59:33.654  INFO 7030 --- [RMI TCP Connection(2)-127.0.0.1] ationConfigEmbeddedWebApplicationContext : Closing org.springframework.boot.context.embedded.AnnotationConfigEmbeddedWebApplicationContext@48e4374: startup date [Sat May 19 14:59:22 CEST 2018]; root of context hierarchy
2018-05-19 14:59:33.655  INFO 7030 --- [RMI TCP Connection(2)-127.0.0.1] o.s.j.e.a.AnnotationMBeanExporter        : Unregistering JMX-exposed beans on shutdown
2018-05-19 15:05:35.647  INFO 8018 --- [main] com.biohack.z5.BioHackApp                : Starting BioHackApp on dell with PID 8018 (/home/plapinski/Praca/Biohack/Z-5/bioVaadin/bin/main started by plapinski in /home/plapinski/Praca/Biohack/Z-5/bioVaadin)
2018-05-19 15:05:35.649  INFO 8018 --- [main] com.biohack.z5.BioHackApp                : No active profile set, falling back to default profiles: default
2018-05-19 15:05:35.677  INFO 8018 --- [main] ationConfigEmbeddedWebApplicationContext : Refreshing org.springframework.boot.context.embedded.AnnotationConfigEmbeddedWebApplicationContext@703580bf: startup date [Sat May 19 15:05:35 CEST 2018]; root of context hierarchy
2018-05-19 15:05:36.014  WARN 8018 --- [main] o.s.c.a.ConfigurationClassPostProcessor  : Cannot enhance @Configuration bean definition 'com.vaadin.spring.VaadinConfiguration' since its singleton instance has been created too early. The typical cause is a non-static @Bean method with a BeanDefinitionRegistryPostProcessor return type: Consider declaring such methods as 'static'.
2018-05-19 15:05:36.379  INFO 8018 --- [main] s.b.c.e.t.TomcatEmbeddedServletContainer : Tomcat initialized with port(s): 8080 (http)
2018-05-19 15:05:36.385  INFO 8018 --- [main] o.apache.catalina.core.StandardService   : Starting service [Tomcat]
2018-05-19 15:05:36.386  INFO 8018 --- [main] org.apache.catalina.core.StandardEngine  : Starting Servlet Engine: Apache Tomcat/8.5.23
2018-05-19 15:05:36.432  INFO 8018 --- [localhost-startStop-1] o.a.c.c.C.[.[localhost].[/biohack]       : Initializing Spring embedded WebApplicationContext
2018-05-19 15:05:36.432  INFO 8018 --- [localhost-startStop-1] o.s.web.context.ContextLoader            : Root WebApplicationContext: initialization completed in 758 ms
2018-05-19 15:05:36.499  INFO 8018 --- [localhost-startStop-1] c.v.s.b.i.VaadinServletConfiguration     : Registering Vaadin servlet
2018-05-19 15:05:36.499  INFO 8018 --- [localhost-startStop-1] c.v.s.b.i.VaadinServletConfiguration     : Servlet will be mapped to URLs [/vaadinServlet/*, /VAADIN/*]
2018-05-19 15:05:36.504  INFO 8018 --- [localhost-startStop-1] o.v.spring.servlet.Vaadin4SpringServlet  : Using custom Vaadin4Spring servlet
2018-05-19 15:05:36.510  INFO 8018 --- [localhost-startStop-1] c.v.s.b.i.VaadinServletConfiguration     : Setting servlet init parameters
2018-05-19 15:05:36.510  INFO 8018 --- [localhost-startStop-1] c.v.s.b.i.VaadinServletConfiguration     : Set servlet init parameter [productionMode] = [false]
2018-05-19 15:05:36.510  INFO 8018 --- [localhost-startStop-1] c.v.s.b.i.VaadinServletConfiguration     : Set servlet init parameter [resourceCacheTime] = [3600]
2018-05-19 15:05:36.510  INFO 8018 --- [localhost-startStop-1] c.v.s.b.i.VaadinServletConfiguration     : Set servlet init parameter [heartbeatInterval] = [300]
2018-05-19 15:05:36.510  INFO 8018 --- [localhost-startStop-1] c.v.s.b.i.VaadinServletConfiguration     : Set servlet init parameter [closeIdleSessions] = [false]
2018-05-19 15:05:36.540  INFO 8018 --- [localhost-startStop-1] o.s.b.w.servlet.ServletRegistrationBean  : Mapping servlet: 'dispatcherServlet' to [/]
2018-05-19 15:05:36.541  INFO 8018 --- [localhost-startStop-1] o.s.b.w.servlet.ServletRegistrationBean  : Mapping servlet: 'vaadin4SpringServlet' to [/vaadinServlet/*, /VAADIN/*]
2018-05-19 15:05:36.542  INFO 8018 --- [localhost-startStop-1] o.s.b.w.servlet.FilterRegistrationBean   : Mapping filter: 'characterEncodingFilter' to: [/*]
2018-05-19 15:05:36.543  INFO 8018 --- [localhost-startStop-1] o.s.b.w.servlet.FilterRegistrationBean   : Mapping filter: 'hiddenHttpMethodFilter' to: [/*]
2018-05-19 15:05:36.543  INFO 8018 --- [localhost-startStop-1] o.s.b.w.servlet.FilterRegistrationBean   : Mapping filter: 'httpPutFormContentFilter' to: [/*]
2018-05-19 15:05:36.543  INFO 8018 --- [localhost-startStop-1] o.s.b.w.servlet.FilterRegistrationBean   : Mapping filter: 'requestContextFilter' to: [/*]
2018-05-19 15:05:36.543  INFO 8018 --- [localhost-startStop-1] o.s.b.w.servlet.FilterRegistrationBean   : Mapping filter: 'httpResponseFilter' to: [/*]
2018-05-19 15:05:36.699  INFO 8018 --- [main] s.w.s.m.m.a.RequestMappingHandlerAdapter : Looking for @ControllerAdvice: org.springframework.boot.context.embedded.AnnotationConfigEmbeddedWebApplicationContext@703580bf: startup date [Sat May 19 15:05:35 CEST 2018]; root of context hierarchy
2018-05-19 15:05:36.730  INFO 8018 --- [main] s.w.s.m.m.a.RequestMappingHandlerMapping : Mapped "{[/error],produces=[text/html]}" onto public org.springframework.web.servlet.ModelAndView org.springframework.boot.autoconfigure.web.BasicErrorController.errorHtml(javax.servlet.http.HttpServletRequest,javax.servlet.http.HttpServletResponse)
2018-05-19 15:05:36.731  INFO 8018 --- [main] s.w.s.m.m.a.RequestMappingHandlerMapping : Mapped "{[/error]}" onto public org.springframework.http.ResponseEntity<java.util.Map<java.lang.String, java.lang.Object>> org.springframework.boot.autoconfigure.web.BasicErrorController.error(javax.servlet.http.HttpServletRequest)
2018-05-19 15:05:36.748  INFO 8018 --- [main] o.s.w.s.handler.SimpleUrlHandlerMapping  : Mapped URL path [/webjars/**] onto handler of type [class org.springframework.web.servlet.resource.ResourceHttpRequestHandler]
2018-05-19 15:05:36.748  INFO 8018 --- [main] o.s.w.s.handler.SimpleUrlHandlerMapping  : Mapped URL path [/**] onto handler of type [class org.springframework.web.servlet.resource.ResourceHttpRequestHandler]
2018-05-19 15:05:36.768  INFO 8018 --- [main] o.s.w.s.handler.SimpleUrlHandlerMapping  : Mapped URL path [/**/favicon.ico] onto handler of type [class org.springframework.web.servlet.resource.ResourceHttpRequestHandler]
2018-05-19 15:05:36.797  INFO 8018 --- [main] c.v.s.b.i.VaadinServletConfiguration     : Checking the application context for Vaadin UI mappings
2018-05-19 15:05:36.801  WARN 8018 --- [main] ationConfigEmbeddedWebApplicationContext : Exception encountered during context initialization - cancelling refresh attempt: org.springframework.beans.factory.BeanCreationException: Error creating bean with name 'vaadinUiForwardingHandlerMapping' defined in class path resource [com/vaadin/spring/boot/internal/VaadinServletConfiguration.class]: Bean instantiation via factory method failed; nested exception is org.springframework.beans.BeanInstantiationException: Failed to instantiate [org.springframework.web.servlet.handler.SimpleUrlHandlerMapping]: Factory method 'vaadinUiForwardingHandlerMapping' threw exception; nested exception is java.lang.NoClassDefFoundError: com/vaadin/navigator/PushStateNavigation
2018-05-19 15:05:36.802  INFO 8018 --- [main] o.apache.catalina.core.StandardService   : Stopping service [Tomcat]
2018-05-19 15:05:36.811  INFO 8018 --- [main] utoConfigurationReportLoggingInitializer : 

Error starting ApplicationContext. To display the auto-configuration report re-run your application with 'debug' enabled.
2018-05-19 15:05:36.817 ERROR 8018 --- [main] o.s.boot.SpringApplication               : Application startup failed

org.springframework.beans.factory.BeanCreationException: Error creating bean with name 'vaadinUiForwardingHandlerMapping' defined in class path resource [com/vaadin/spring/boot/internal/VaadinServletConfiguration.class]: Bean instantiation via factory method failed; nested exception is org.springframework.beans.BeanInstantiationException: Failed to instantiate [org.springframework.web.servlet.handler.SimpleUrlHandlerMapping]: Factory method 'vaadinUiForwardingHandlerMapping' threw exception; nested exception is java.lang.NoClassDefFoundError: com/vaadin/navigator/PushStateNavigation
	at org.springframework.beans.factory.support.ConstructorResolver.instantiateUsingFactoryMethod(ConstructorResolver.java:599) ~[spring-beans-4.3.13.RELEASE.jar:4.3.13.RELEASE]
	at org.springframework.beans.factory.support.AbstractAutowireCapableBeanFactory.instantiateUsingFactoryMethod(AbstractAutowireCapableBeanFactory.java:1173) ~[spring-beans-4.3.13.RELEASE.jar:4.3.13.RELEASE]
	at org.springframework.beans.factory.support.AbstractAutowireCapableBeanFactory.createBeanInstance(AbstractAutowireCapableBeanFactory.java:1067) ~[spring-beans-4.3.13.RELEASE.jar:4.3.13.RELEASE]
	at org.springframework.beans.factory.support.AbstractAutowireCapableBeanFactory.doCreateBean(AbstractAutowireCapableBeanFactory.java:513) ~[spring-beans-4.3.13.RELEASE.jar:4.3.13.RELEASE]
	at org.springframework.beans.factory.support.AbstractAutowireCapableBeanFactory.createBean(AbstractAutowireCapableBeanFactory.java:483) ~[spring-beans-4.3.13.RELEASE.jar:4.3.13.RELEASE]
	at org.springframework.beans.factory.support.AbstractBeanFactory$1.getObject(AbstractBeanFactory.java:306) ~[spring-beans-4.3.13.RELEASE.jar:4.3.13.RELEASE]
	at org.springframework.beans.factory.support.DefaultSingletonBeanRegistry.getSingleton(DefaultSingletonBeanRegistry.java:230) ~[spring-beans-4.3.13.RELEASE.jar:4.3.13.RELEASE]
	at org.springframework.beans.factory.support.AbstractBeanFactory.doGetBean(AbstractBeanFactory.java:302) ~[spring-beans-4.3.13.RELEASE.jar:4.3.13.RELEASE]
	at org.springframework.beans.factory.support.AbstractBeanFactory.getBean(AbstractBeanFactory.java:197) ~[spring-beans-4.3.13.RELEASE.jar:4.3.13.RELEASE]
	at org.springframework.beans.factory.support.DefaultListableBeanFactory.preInstantiateSingletons(DefaultListableBeanFactory.java:761) ~[spring-beans-4.3.13.RELEASE.jar:4.3.13.RELEASE]
	at org.springframework.context.support.AbstractApplicationContext.finishBeanFactoryInitialization(AbstractApplicationContext.java:867) ~[spring-context-4.3.13.RELEASE.jar:4.3.13.RELEASE]
	at org.springframework.context.support.AbstractApplicationContext.refresh(AbstractApplicationContext.java:543) ~[spring-context-4.3.13.RELEASE.jar:4.3.13.RELEASE]
	at org.springframework.boot.context.embedded.EmbeddedWebApplicationContext.refresh(EmbeddedWebApplicationContext.java:122) ~[spring-boot-1.5.9.RELEASE.jar:1.5.9.RELEASE]
	at org.springframework.boot.SpringApplication.refresh(SpringApplication.java:693) [spring-boot-1.5.9.RELEASE.jar:1.5.9.RELEASE]
	at org.springframework.boot.SpringApplication.refreshContext(SpringApplication.java:360) [spring-boot-1.5.9.RELEASE.jar:1.5.9.RELEASE]
	at org.springframework.boot.SpringApplication.run(SpringApplication.java:303) [spring-boot-1.5.9.RELEASE.jar:1.5.9.RELEASE]
	at org.springframework.boot.SpringApplication.run(SpringApplication.java:1118) [spring-boot-1.5.9.RELEASE.jar:1.5.9.RELEASE]
	at org.springframework.boot.SpringApplication.run(SpringApplication.java:1107) [spring-boot-1.5.9.RELEASE.jar:1.5.9.RELEASE]
	at com.biohack.z5.BioHackApp.main(BioHackApp.java:17) [main/:na]
Caused by: org.springframework.beans.BeanInstantiationException: Failed to instantiate [org.springframework.web.servlet.handler.SimpleUrlHandlerMapping]: Factory method 'vaadinUiForwardingHandlerMapping' threw exception; nested exception is java.lang.NoClassDefFoundError: com/vaadin/navigator/PushStateNavigation
	at org.springframework.beans.factory.support.SimpleInstantiationStrategy.instantiate(SimpleInstantiationStrategy.java:189) ~[spring-beans-4.3.13.RELEASE.jar:4.3.13.RELEASE]
	at org.springframework.beans.factory.support.ConstructorResolver.instantiateUsingFactoryMethod(ConstructorResolver.java:588) ~[spring-beans-4.3.13.RELEASE.jar:4.3.13.RELEASE]
	... 18 common frames omitted
Caused by: java.lang.NoClassDefFoundError: com/vaadin/navigator/PushStateNavigation
	at com.vaadin.spring.boot.internal.VaadinServletConfiguration.getUIPaths(VaadinServletConfiguration.java:133) ~[vaadin-spring-boot-3.0.0.jar:3.0.0]
	at com.vaadin.spring.boot.internal.VaadinServletConfiguration.vaadinUiForwardingHandlerMapping(VaadinServletConfiguration.java:101) ~[vaadin-spring-boot-3.0.0.jar:3.0.0]
	at com.vaadin.spring.boot.internal.VaadinServletConfiguration$$EnhancerBySpringCGLIB$$c21c9263.CGLIB$vaadinUiForwardingHandlerMapping$4(<generated>) ~[vaadin-spring-boot-3.0.0.jar:3.0.0]
	at com.vaadin.spring.boot.internal.VaadinServletConfiguration$$EnhancerBySpringCGLIB$$c21c9263$$FastClassBySpringCGLIB$$b847de04.invoke(<generated>) ~[vaadin-spring-boot-3.0.0.jar:3.0.0]
	at org.springframework.cglib.proxy.MethodProxy.invokeSuper(MethodProxy.java:228) ~[spring-core-4.3.13.RELEASE.jar:4.3.13.RELEASE]
	at org.springframework.context.annotation.ConfigurationClassEnhancer$BeanMethodInterceptor.intercept(ConfigurationClassEnhancer.java:358) ~[spring-context-4.3.13.RELEASE.jar:4.3.13.RELEASE]
	at com.vaadin.spring.boot.internal.VaadinServletConfiguration$$EnhancerBySpringCGLIB$$c21c9263.vaadinUiForwardingHandlerMapping(<generated>) ~[vaadin-spring-boot-3.0.0.jar:3.0.0]
	at sun.reflect.NativeMethodAccessorImpl.invoke0(Native Method) ~[na:1.8.0_171]
	at sun.reflect.NativeMethodAccessorImpl.invoke(NativeMethodAccessorImpl.java:62) ~[na:1.8.0_171]
	at sun.reflect.DelegatingMethodAccessorImpl.invoke(DelegatingMethodAccessorImpl.java:43) ~[na:1.8.0_171]
	at java.lang.reflect.Method.invoke(Method.java:498) ~[na:1.8.0_171]
	at org.springframework.beans.factory.support.SimpleInstantiationStrategy.instantiate(SimpleInstantiationStrategy.java:162) ~[spring-beans-4.3.13.RELEASE.jar:4.3.13.RELEASE]
	... 19 common frames omitted
Caused by: java.lang.ClassNotFoundException: com.vaadin.navigator.PushStateNavigation
	at java.net.URLClassLoader.findClass(URLClassLoader.java:381) ~[na:1.8.0_171]
	at java.lang.ClassLoader.loadClass(ClassLoader.java:424) ~[na:1.8.0_171]
	at sun.misc.Launcher$AppClassLoader.loadClass(Launcher.java:349) ~[na:1.8.0_171]
	at java.lang.ClassLoader.loadClass(ClassLoader.java:357) ~[na:1.8.0_171]
	... 31 common frames omitted

2018-05-19 15:05:57.068  INFO 8095 --- [main] com.biohack.z5.BioHackApp                : Starting BioHackApp on dell with PID 8095 (/home/plapinski/Praca/Biohack/Z-5/bioVaadin/bin/main started by plapinski in /home/plapinski/Praca/Biohack/Z-5/bioVaadin)
2018-05-19 15:05:57.069  INFO 8095 --- [main] com.biohack.z5.BioHackApp                : No active profile set, falling back to default profiles: default
2018-05-19 15:05:57.095  INFO 8095 --- [main] ationConfigEmbeddedWebApplicationContext : Refreshing org.springframework.boot.context.embedded.AnnotationConfigEmbeddedWebApplicationContext@703580bf: startup date [Sat May 19 15:05:57 CEST 2018]; root of context hierarchy
2018-05-19 15:05:57.434  WARN 8095 --- [main] o.s.c.a.ConfigurationClassPostProcessor  : Cannot enhance @Configuration bean definition 'com.vaadin.spring.VaadinConfiguration' since its singleton instance has been created too early. The typical cause is a non-static @Bean method with a BeanDefinitionRegistryPostProcessor return type: Consider declaring such methods as 'static'.
2018-05-19 15:05:57.825  INFO 8095 --- [main] s.b.c.e.t.TomcatEmbeddedServletContainer : Tomcat initialized with port(s): 8080 (http)
2018-05-19 15:05:57.833  INFO 8095 --- [main] o.apache.catalina.core.StandardService   : Starting service [Tomcat]
2018-05-19 15:05:57.834  INFO 8095 --- [main] org.apache.catalina.core.StandardEngine  : Starting Servlet Engine: Apache Tomcat/8.5.23
2018-05-19 15:05:57.887  INFO 8095 --- [localhost-startStop-1] o.a.c.c.C.[.[localhost].[/biohack]       : Initializing Spring embedded WebApplicationContext
2018-05-19 15:05:57.888  INFO 8095 --- [localhost-startStop-1] o.s.web.context.ContextLoader            : Root WebApplicationContext: initialization completed in 795 ms
2018-05-19 15:05:57.963  INFO 8095 --- [localhost-startStop-1] c.v.s.b.i.VaadinServletConfiguration     : Registering Vaadin servlet
2018-05-19 15:05:57.963  INFO 8095 --- [localhost-startStop-1] c.v.s.b.i.VaadinServletConfiguration     : Servlet will be mapped to URLs [/vaadinServlet/*, /VAADIN/*]
2018-05-19 15:05:57.969  INFO 8095 --- [localhost-startStop-1] o.v.spring.servlet.Vaadin4SpringServlet  : Using custom Vaadin4Spring servlet
2018-05-19 15:05:57.975  INFO 8095 --- [localhost-startStop-1] c.v.s.b.i.VaadinServletConfiguration     : Setting servlet init parameters
2018-05-19 15:05:57.975  INFO 8095 --- [localhost-startStop-1] c.v.s.b.i.VaadinServletConfiguration     : Set servlet init parameter [productionMode] = [false]
2018-05-19 15:05:57.975  INFO 8095 --- [localhost-startStop-1] c.v.s.b.i.VaadinServletConfiguration     : Set servlet init parameter [resourceCacheTime] = [3600]
2018-05-19 15:05:57.975  INFO 8095 --- [localhost-startStop-1] c.v.s.b.i.VaadinServletConfiguration     : Set servlet init parameter [heartbeatInterval] = [300]
2018-05-19 15:05:57.975  INFO 8095 --- [localhost-startStop-1] c.v.s.b.i.VaadinServletConfiguration     : Set servlet init parameter [closeIdleSessions] = [false]
2018-05-19 15:05:58.009  INFO 8095 --- [localhost-startStop-1] o.s.b.w.servlet.ServletRegistrationBean  : Mapping servlet: 'dispatcherServlet' to [/]
2018-05-19 15:05:58.010  INFO 8095 --- [localhost-startStop-1] o.s.b.w.servlet.ServletRegistrationBean  : Mapping servlet: 'vaadin4SpringServlet' to [/vaadinServlet/*, /VAADIN/*]
2018-05-19 15:05:58.012  INFO 8095 --- [localhost-startStop-1] o.s.b.w.servlet.FilterRegistrationBean   : Mapping filter: 'characterEncodingFilter' to: [/*]
2018-05-19 15:05:58.013  INFO 8095 --- [localhost-startStop-1] o.s.b.w.servlet.FilterRegistrationBean   : Mapping filter: 'hiddenHttpMethodFilter' to: [/*]
2018-05-19 15:05:58.013  INFO 8095 --- [localhost-startStop-1] o.s.b.w.servlet.FilterRegistrationBean   : Mapping filter: 'httpPutFormContentFilter' to: [/*]
2018-05-19 15:05:58.013  INFO 8095 --- [localhost-startStop-1] o.s.b.w.servlet.FilterRegistrationBean   : Mapping filter: 'requestContextFilter' to: [/*]
2018-05-19 15:05:58.013  INFO 8095 --- [localhost-startStop-1] o.s.b.w.servlet.FilterRegistrationBean   : Mapping filter: 'httpResponseFilter' to: [/*]
2018-05-19 15:05:58.196  INFO 8095 --- [main] s.w.s.m.m.a.RequestMappingHandlerAdapter : Looking for @ControllerAdvice: org.springframework.boot.context.embedded.AnnotationConfigEmbeddedWebApplicationContext@703580bf: startup date [Sat May 19 15:05:57 CEST 2018]; root of context hierarchy
2018-05-19 15:05:58.230  INFO 8095 --- [main] s.w.s.m.m.a.RequestMappingHandlerMapping : Mapped "{[/error],produces=[text/html]}" onto public org.springframework.web.servlet.ModelAndView org.springframework.boot.autoconfigure.web.BasicErrorController.errorHtml(javax.servlet.http.HttpServletRequest,javax.servlet.http.HttpServletResponse)
2018-05-19 15:05:58.231  INFO 8095 --- [main] s.w.s.m.m.a.RequestMappingHandlerMapping : Mapped "{[/error]}" onto public org.springframework.http.ResponseEntity<java.util.Map<java.lang.String, java.lang.Object>> org.springframework.boot.autoconfigure.web.BasicErrorController.error(javax.servlet.http.HttpServletRequest)
2018-05-19 15:05:58.250  INFO 8095 --- [main] o.s.w.s.handler.SimpleUrlHandlerMapping  : Mapped URL path [/webjars/**] onto handler of type [class org.springframework.web.servlet.resource.ResourceHttpRequestHandler]
2018-05-19 15:05:58.250  INFO 8095 --- [main] o.s.w.s.handler.SimpleUrlHandlerMapping  : Mapped URL path [/**] onto handler of type [class org.springframework.web.servlet.resource.ResourceHttpRequestHandler]
2018-05-19 15:05:58.272  INFO 8095 --- [main] o.s.w.s.handler.SimpleUrlHandlerMapping  : Mapped URL path [/**/favicon.ico] onto handler of type [class org.springframework.web.servlet.resource.ResourceHttpRequestHandler]
2018-05-19 15:05:58.303  INFO 8095 --- [main] c.v.s.b.i.VaadinServletConfiguration     : Checking the application context for Vaadin UI mappings
2018-05-19 15:05:58.307  WARN 8095 --- [main] ationConfigEmbeddedWebApplicationContext : Exception encountered during context initialization - cancelling refresh attempt: org.springframework.beans.factory.BeanCreationException: Error creating bean with name 'vaadinUiForwardingHandlerMapping' defined in class path resource [com/vaadin/spring/boot/internal/VaadinServletConfiguration.class]: Bean instantiation via factory method failed; nested exception is org.springframework.beans.BeanInstantiationException: Failed to instantiate [org.springframework.web.servlet.handler.SimpleUrlHandlerMapping]: Factory method 'vaadinUiForwardingHandlerMapping' threw exception; nested exception is java.lang.NoClassDefFoundError: com/vaadin/navigator/PushStateNavigation
2018-05-19 15:05:58.309  INFO 8095 --- [main] o.apache.catalina.core.StandardService   : Stopping service [Tomcat]
2018-05-19 15:05:58.319  INFO 8095 --- [main] utoConfigurationReportLoggingInitializer : 

Error starting ApplicationContext. To display the auto-configuration report re-run your application with 'debug' enabled.
2018-05-19 15:05:58.326 ERROR 8095 --- [main] o.s.boot.SpringApplication               : Application startup failed

org.springframework.beans.factory.BeanCreationException: Error creating bean with name 'vaadinUiForwardingHandlerMapping' defined in class path resource [com/vaadin/spring/boot/internal/VaadinServletConfiguration.class]: Bean instantiation via factory method failed; nested exception is org.springframework.beans.BeanInstantiationException: Failed to instantiate [org.springframework.web.servlet.handler.SimpleUrlHandlerMapping]: Factory method 'vaadinUiForwardingHandlerMapping' threw exception; nested exception is java.lang.NoClassDefFoundError: com/vaadin/navigator/PushStateNavigation
	at org.springframework.beans.factory.support.ConstructorResolver.instantiateUsingFactoryMethod(ConstructorResolver.java:599) ~[spring-beans-4.3.13.RELEASE.jar:4.3.13.RELEASE]
	at org.springframework.beans.factory.support.AbstractAutowireCapableBeanFactory.instantiateUsingFactoryMethod(AbstractAutowireCapableBeanFactory.java:1173) ~[spring-beans-4.3.13.RELEASE.jar:4.3.13.RELEASE]
	at org.springframework.beans.factory.support.AbstractAutowireCapableBeanFactory.createBeanInstance(AbstractAutowireCapableBeanFactory.java:1067) ~[spring-beans-4.3.13.RELEASE.jar:4.3.13.RELEASE]
	at org.springframework.beans.factory.support.AbstractAutowireCapableBeanFactory.doCreateBean(AbstractAutowireCapableBeanFactory.java:513) ~[spring-beans-4.3.13.RELEASE.jar:4.3.13.RELEASE]
	at org.springframework.beans.factory.support.AbstractAutowireCapableBeanFactory.createBean(AbstractAutowireCapableBeanFactory.java:483) ~[spring-beans-4.3.13.RELEASE.jar:4.3.13.RELEASE]
	at org.springframework.beans.factory.support.AbstractBeanFactory$1.getObject(AbstractBeanFactory.java:306) ~[spring-beans-4.3.13.RELEASE.jar:4.3.13.RELEASE]
	at org.springframework.beans.factory.support.DefaultSingletonBeanRegistry.getSingleton(DefaultSingletonBeanRegistry.java:230) ~[spring-beans-4.3.13.RELEASE.jar:4.3.13.RELEASE]
	at org.springframework.beans.factory.support.AbstractBeanFactory.doGetBean(AbstractBeanFactory.java:302) ~[spring-beans-4.3.13.RELEASE.jar:4.3.13.RELEASE]
	at org.springframework.beans.factory.support.AbstractBeanFactory.getBean(AbstractBeanFactory.java:197) ~[spring-beans-4.3.13.RELEASE.jar:4.3.13.RELEASE]
	at org.springframework.beans.factory.support.DefaultListableBeanFactory.preInstantiateSingletons(DefaultListableBeanFactory.java:761) ~[spring-beans-4.3.13.RELEASE.jar:4.3.13.RELEASE]
	at org.springframework.context.support.AbstractApplicationContext.finishBeanFactoryInitialization(AbstractApplicationContext.java:867) ~[spring-context-4.3.13.RELEASE.jar:4.3.13.RELEASE]
	at org.springframework.context.support.AbstractApplicationContext.refresh(AbstractApplicationContext.java:543) ~[spring-context-4.3.13.RELEASE.jar:4.3.13.RELEASE]
	at org.springframework.boot.context.embedded.EmbeddedWebApplicationContext.refresh(EmbeddedWebApplicationContext.java:122) ~[spring-boot-1.5.9.RELEASE.jar:1.5.9.RELEASE]
	at org.springframework.boot.SpringApplication.refresh(SpringApplication.java:693) [spring-boot-1.5.9.RELEASE.jar:1.5.9.RELEASE]
	at org.springframework.boot.SpringApplication.refreshContext(SpringApplication.java:360) [spring-boot-1.5.9.RELEASE.jar:1.5.9.RELEASE]
	at org.springframework.boot.SpringApplication.run(SpringApplication.java:303) [spring-boot-1.5.9.RELEASE.jar:1.5.9.RELEASE]
	at org.springframework.boot.SpringApplication.run(SpringApplication.java:1118) [spring-boot-1.5.9.RELEASE.jar:1.5.9.RELEASE]
	at org.springframework.boot.SpringApplication.run(SpringApplication.java:1107) [spring-boot-1.5.9.RELEASE.jar:1.5.9.RELEASE]
	at com.biohack.z5.BioHackApp.main(BioHackApp.java:17) [main/:na]
Caused by: org.springframework.beans.BeanInstantiationException: Failed to instantiate [org.springframework.web.servlet.handler.SimpleUrlHandlerMapping]: Factory method 'vaadinUiForwardingHandlerMapping' threw exception; nested exception is java.lang.NoClassDefFoundError: com/vaadin/navigator/PushStateNavigation
	at org.springframework.beans.factory.support.SimpleInstantiationStrategy.instantiate(SimpleInstantiationStrategy.java:189) ~[spring-beans-4.3.13.RELEASE.jar:4.3.13.RELEASE]
	at org.springframework.beans.factory.support.ConstructorResolver.instantiateUsingFactoryMethod(ConstructorResolver.java:588) ~[spring-beans-4.3.13.RELEASE.jar:4.3.13.RELEASE]
	... 18 common frames omitted
Caused by: java.lang.NoClassDefFoundError: com/vaadin/navigator/PushStateNavigation
	at com.vaadin.spring.boot.internal.VaadinServletConfiguration.getUIPaths(VaadinServletConfiguration.java:133) ~[vaadin-spring-boot-3.0.0.jar:3.0.0]
	at com.vaadin.spring.boot.internal.VaadinServletConfiguration.vaadinUiForwardingHandlerMapping(VaadinServletConfiguration.java:101) ~[vaadin-spring-boot-3.0.0.jar:3.0.0]
	at com.vaadin.spring.boot.internal.VaadinServletConfiguration$$EnhancerBySpringCGLIB$$c21c9263.CGLIB$vaadinUiForwardingHandlerMapping$8(<generated>) ~[vaadin-spring-boot-3.0.0.jar:3.0.0]
	at com.vaadin.spring.boot.internal.VaadinServletConfiguration$$EnhancerBySpringCGLIB$$c21c9263$$FastClassBySpringCGLIB$$b847de04.invoke(<generated>) ~[vaadin-spring-boot-3.0.0.jar:3.0.0]
	at org.springframework.cglib.proxy.MethodProxy.invokeSuper(MethodProxy.java:228) ~[spring-core-4.3.13.RELEASE.jar:4.3.13.RELEASE]
	at org.springframework.context.annotation.ConfigurationClassEnhancer$BeanMethodInterceptor.intercept(ConfigurationClassEnhancer.java:358) ~[spring-context-4.3.13.RELEASE.jar:4.3.13.RELEASE]
	at com.vaadin.spring.boot.internal.VaadinServletConfiguration$$EnhancerBySpringCGLIB$$c21c9263.vaadinUiForwardingHandlerMapping(<generated>) ~[vaadin-spring-boot-3.0.0.jar:3.0.0]
	at sun.reflect.NativeMethodAccessorImpl.invoke0(Native Method) ~[na:1.8.0_171]
	at sun.reflect.NativeMethodAccessorImpl.invoke(NativeMethodAccessorImpl.java:62) ~[na:1.8.0_171]
	at sun.reflect.DelegatingMethodAccessorImpl.invoke(DelegatingMethodAccessorImpl.java:43) ~[na:1.8.0_171]
	at java.lang.reflect.Method.invoke(Method.java:498) ~[na:1.8.0_171]
	at org.springframework.beans.factory.support.SimpleInstantiationStrategy.instantiate(SimpleInstantiationStrategy.java:162) ~[spring-beans-4.3.13.RELEASE.jar:4.3.13.RELEASE]
	... 19 common frames omitted
Caused by: java.lang.ClassNotFoundException: com.vaadin.navigator.PushStateNavigation
	at java.net.URLClassLoader.findClass(URLClassLoader.java:381) ~[na:1.8.0_171]
	at java.lang.ClassLoader.loadClass(ClassLoader.java:424) ~[na:1.8.0_171]
	at sun.misc.Launcher$AppClassLoader.loadClass(Launcher.java:349) ~[na:1.8.0_171]
	at java.lang.ClassLoader.loadClass(ClassLoader.java:357) ~[na:1.8.0_171]
	... 31 common frames omitted

